<?xml version="1.0" encoding="UTF-8"?>
<testsuites name="jest tests" tests="2" failures="0" time="9.87">
  <testsuite name="suite" errors="0" failures="0" skipped="0" timestamp="2020-01-09T19:48:00" time="2.451" tests="2">
    <testcase classname="suite this test should appear in the html and junit report" name="suite this test should appear in the html and junit report" time="0.003">
    </testcase>
    <testcase classname="suite Skipped" name="suite Skipped" time="0">
    </testcase>
  </testsuite>
</testsuites>
